ERROR [portable_pty::win::psuedocon] CreateProcessW `"\"C:\\Program Files\\nodejs\\npm\" run inngest:dev\0"` in cwd `Some("D:\\CODING\\PROJECTS\\n8n-clone\0")` failed: %1 is not a valid Win32 application. (os error 193)
ERROR [portable_pty::win::psuedocon] CreateProcessW `"\"C:\\Program Files\\nodejs\\npm\" run dev\0"` in cwd `Some("D:\\CODING\\PROJECTS\\n8n-clone\0")` failed: %1 is not a valid Win32 application. (os error 193)
WARN [mprocs::app] Ignore input event: FocusLost
WARN [mprocs::app] Ignore input event: FocusGained
ERROR [portable_pty::win::psuedocon] CreateProcessW `"\"C:\\Program Files\\nodejs\\npm\" run inngest:dev\0"` in cwd `Some("D:\\CODING\\PROJECTS\\n8n-clone\0")` failed: %1 is not a valid Win32 application. (os error 193)
ERROR [portable_pty::win::psuedocon] CreateProcessW `"\"C:\\Program Files\\nodejs\\npm\" run inngest:dev\0"` in cwd `Some("D:\\CODING\\PROJECTS\\n8n-clone\0")` failed: %1 is not a valid Win32 application. (os error 193)
ERROR [mprocs::error] Error: channel closed
ERROR [portable_pty::win::psuedocon] CreateProcessW `"\"C:\\Program Files\\nodejs\\npm\" run inngest:dev\0"` in cwd `Some("D:\\CODING\\PROJECTS\\n8n-clone\0")` failed: %1 is not a valid Win32 application. (os error 193)
ERROR [portable_pty::win::psuedocon] CreateProcessW `"\"C:\\Program Files\\nodejs\\npm\" run dev\0"` in cwd `Some("D:\\CODING\\PROJECTS\\n8n-clone\0")` failed: %1 is not a valid Win32 application. (os error 193)
ERROR [mprocs::error] Error: channel closed
ERROR [mprocs::error] Error: channel closed
ERROR [portable_pty::win::psuedocon] CreateProcessW `"\"C:\\Program Files\\nodejs\\npm\" run inngest:dev\0"` in cwd `Some("D:\\CODING\\PROJECTS\\n8n-clone\0")` failed: %1 is not a valid Win32 application. (os error 193)
ERROR [portable_pty::win::psuedocon] CreateProcessW `"\"C:\\Program Files\\nodejs\\npm\" run dev\0"` in cwd `Some("D:\\CODING\\PROJECTS\\n8n-clone\0")` failed: %1 is not a valid Win32 application. (os error 193)
ERROR [portable_pty::win::psuedocon] CreateProcessW `"\"C:\\Program Files\\nodejs\\npm\" run inngest:dev\0"` in cwd `Some("D:\\CODING\\PROJECTS\\n8n-clone\0")` failed: %1 is not a valid Win32 application. (os error 193)
ERROR [portable_pty::win::psuedocon] CreateProcessW `"\"C:\\Program Files\\nodejs\\npm\" run inngest:dev\0"` in cwd `Some("D:\\CODING\\PROJECTS\\n8n-clone\0")` failed: %1 is not a valid Win32 application. (os error 193)
ERROR [portable_pty::win::psuedocon] CreateProcessW `"\"C:\\Program Files\\nodejs\\npm\" run inngest:dev\0"` in cwd `Some("D:\\CODING\\PROJECTS\\n8n-clone\0")` failed: %1 is not a valid Win32 application. (os error 193)
ERROR [portable_pty::win::psuedocon] CreateProcessW `"\"C:\\Program Files\\nodejs\\npm\" run inngest:dev\0"` in cwd `Some("D:\\CODING\\PROJECTS\\n8n-clone\0")` failed: %1 is not a valid Win32 application. (os error 193)
ERROR [portable_pty::win::psuedocon] CreateProcessW `"\"C:\\Program Files\\nodejs\\npm\" run inngest:dev\0"` in cwd `Some("D:\\CODING\\PROJECTS\\n8n-clone\0")` failed: %1 is not a valid Win32 application. (os error 193)
ERROR [portable_pty::win::psuedocon] CreateProcessW `"\"C:\\Program Files\\nodejs\\npm\" run inngest:dev\0"` in cwd `Some("D:\\CODING\\PROJECTS\\n8n-clone\0")` failed: %1 is not a valid Win32 application. (os error 193)
ERROR [portable_pty::win::psuedocon] CreateProcessW `"\"C:\\Program Files\\nodejs\\npm\" run inngest:dev\0"` in cwd `Some("D:\\CODING\\PROJECTS\\n8n-clone\0")` failed: %1 is not a valid Win32 application. (os error 193)
ERROR [portable_pty::win::psuedocon] CreateProcessW `"\"C:\\Program Files\\nodejs\\npm\" run inngest:dev\0"` in cwd `Some("D:\\CODING\\PROJECTS\\n8n-clone\0")` failed: %1 is not a valid Win32 application. (os error 193)
ERROR [portable_pty::win::psuedocon] CreateProcessW `"\"C:\\Program Files\\nodejs\\npm\" run inngest:dev\0"` in cwd `Some("D:\\CODING\\PROJECTS\\n8n-clone\0")` failed: %1 is not a valid Win32 application. (os error 193)
ERROR [portable_pty::win::psuedocon] CreateProcessW `"\"C:\\Program Files\\nodejs\\npm\" run inngest:dev\0"` in cwd `Some("D:\\CODING\\PROJECTS\\n8n-clone\0")` failed: %1 is not a valid Win32 application. (os error 193)
ERROR [portable_pty::win::psuedocon] CreateProcessW `"\"C:\\Program Files\\nodejs\\npm\" run inngest:dev\0"` in cwd `Some("D:\\CODING\\PROJECTS\\n8n-clone\0")` failed: %1 is not a valid Win32 application. (os error 193)
ERROR [portable_pty::win::psuedocon] CreateProcessW `"\"C:\\Program Files\\nodejs\\npm\" run inngest:dev\0"` in cwd `Some("D:\\CODING\\PROJECTS\\n8n-clone\0")` failed: %1 is not a valid Win32 application. (os error 193)
ERROR [portable_pty::win::psuedocon] CreateProcessW `"\"C:\\Program Files\\nodejs\\npm\" run inngest:dev\0"` in cwd `Some("D:\\CODING\\PROJECTS\\n8n-clone\0")` failed: %1 is not a valid Win32 application. (os error 193)
ERROR [portable_pty::win::psuedocon] CreateProcessW `"\"C:\\Program Files\\nodejs\\npm\" run dev\0"` in cwd `Some("D:\\CODING\\PROJECTS\\n8n-clone\0")` failed: %1 is not a valid Win32 application. (os error 193)
ERROR [portable_pty::win::psuedocon] CreateProcessW `"\"C:\\Program Files\\nodejs\\npm\" run inngest:dev\0"` in cwd `Some("D:\\CODING\\PROJECTS\\n8n-clone\0")` failed: %1 is not a valid Win32 application. (os error 193)
ERROR [portable_pty::win::psuedocon] CreateProcessW `"\"C:\\Program Files\\nodejs\\npm\" run inngest:dev\0"` in cwd `Some("D:\\CODING\\PROJECTS\\n8n-clone\0")` failed: %1 is not a valid Win32 application. (os error 193)
ERROR [portable_pty::win::psuedocon] CreateProcessW `"\"C:\\Program Files\\nodejs\\npm\" run inngest:dev\0"` in cwd `Some("D:\\CODING\\PROJECTS\\n8n-clone\0")` failed: %1 is not a valid Win32 application. (os error 193)
ERROR [portable_pty::win::psuedocon] CreateProcessW `"\"C:\\Program Files\\nodejs\\npm\" run inngest:dev\0"` in cwd `Some("D:\\CODING\\PROJECTS\\n8n-clone\0")` failed: %1 is not a valid Win32 application. (os error 193)
ERROR [portable_pty::win::psuedocon] CreateProcessW `"\"C:\\Program Files\\nodejs\\npm\" run dev\0"` in cwd `Some("D:\\CODING\\PROJECTS\\n8n-clone\0")` failed: %1 is not a valid Win32 application. (os error 193)
ERROR [portable_pty::win::psuedocon] CreateProcessW `"\"C:\\Program Files\\nodejs\\npm\" run inngest:dev\0"` in cwd `Some("D:\\CODING\\PROJECTS\\n8n-clone\0")` failed: %1 is not a valid Win32 application. (os error 193)
ERROR [portable_pty::win::psuedocon] CreateProcessW `"\"C:\\Program Files\\nodejs\\npm\" run inngest:dev\0"` in cwd `Some("D:\\CODING\\PROJECTS\\n8n-clone\0")` failed: %1 is not a valid Win32 application. (os error 193)
ERROR [portable_pty::win::psuedocon] CreateProcessW `"\"C:\\Program Files\\nodejs\\npm\" run inngest:dev\0"` in cwd `Some("D:\\CODING\\PROJECTS\\n8n-clone\0")` failed: %1 is not a valid Win32 application. (os error 193)
ERROR [portable_pty::win::psuedocon] CreateProcessW `"\"C:\\Program Files\\nodejs\\npm\" run inngest:dev\0"` in cwd `Some("D:\\CODING\\PROJECTS\\n8n-clone\0")` failed: %1 is not a valid Win32 application. (os error 193)
ERROR [portable_pty::win::psuedocon] CreateProcessW `"\"C:\\Program Files\\nodejs\\npm\" run inngest:dev\0"` in cwd `Some("D:\\CODING\\PROJECTS\\n8n-clone\0")` failed: %1 is not a valid Win32 application. (os error 193)
ERROR [portable_pty::win::psuedocon] CreateProcessW `"\"C:\\Program Files\\nodejs\\npm\" run inngest:dev\0"` in cwd `Some("D:\\CODING\\PROJECTS\\n8n-clone\0")` failed: %1 is not a valid Win32 application. (os error 193)
ERROR [portable_pty::win::psuedocon] CreateProcessW `"\"C:\\Program Files\\nodejs\\npm\" run inngest:dev\0"` in cwd `Some("D:\\CODING\\PROJECTS\\n8n-clone\0")` failed: %1 is not a valid Win32 application. (os error 193)
ERROR [portable_pty::win::psuedocon] CreateProcessW `"\"C:\\Program Files\\nodejs\\npm\" run dev\0"` in cwd `Some("D:\\CODING\\PROJECTS\\n8n-clone\0")` failed: %1 is not a valid Win32 application. (os error 193)
ERROR [portable_pty::win::psuedocon] CreateProcessW `"\"C:\\Program Files\\nodejs\\npm\" run inngest:dev\0"` in cwd `Some("D:\\CODING\\PROJECTS\\n8n-clone\0")` failed: %1 is not a valid Win32 application. (os error 193)
ERROR [portable_pty::win::psuedocon] CreateProcessW `"\"C:\\Program Files\\nodejs\\npm\" run dev\0"` in cwd `Some("D:\\CODING\\PROJECTS\\n8n-clone\0")` failed: %1 is not a valid Win32 application. (os error 193)
ERROR [portable_pty::win::psuedocon] CreateProcessW `"\"C:\\Program Files\\nodejs\\npm\" run inngest:dev\0"` in cwd `Some("D:\\CODING\\PROJECTS\\n8n-clone\0")` failed: %1 is not a valid Win32 application. (os error 193)
ERROR [portable_pty::win::psuedocon] CreateProcessW `"\"C:\\Program Files\\nodejs\\npm\" run inngest:dev\0"` in cwd `Some("D:\\CODING\\PROJECTS\\n8n-clone\0")` failed: %1 is not a valid Win32 application. (os error 193)
ERROR [portable_pty::win::psuedocon] CreateProcessW `"\"C:\\Program Files\\nodejs\\npm\" run dev\0"` in cwd `Some("D:\\CODING\\PROJECTS\\n8n-clone\0")` failed: %1 is not a valid Win32 application. (os error 193)
ERROR [portable_pty::win::psuedocon] CreateProcessW `"\"C:\\Program Files\\nodejs\\npm\" run dev\0"` in cwd `Some("D:\\CODING\\PROJECTS\\n8n-clone\0")` failed: %1 is not a valid Win32 application. (os error 193)
ERROR [portable_pty::win::psuedocon] CreateProcessW `"\"C:\\Program Files\\nodejs\\npm\" run dev\0"` in cwd `Some("D:\\CODING\\PROJECTS\\n8n-clone\0")` failed: %1 is not a valid Win32 application. (os error 193)
ERROR [portable_pty::win::psuedocon] CreateProcessW `"\"C:\\Program Files\\nodejs\\npm\" run dev\0"` in cwd `Some("D:\\CODING\\PROJECTS\\n8n-clone\0")` failed: %1 is not a valid Win32 application. (os error 193)
ERROR [portable_pty::win::psuedocon] CreateProcessW `"\"C:\\Program Files\\nodejs\\npm\" run dev\0"` in cwd `Some("D:\\CODING\\PROJECTS\\n8n-clone\0")` failed: %1 is not a valid Win32 application. (os error 193)
ERROR [portable_pty::win::psuedocon] CreateProcessW `"\"C:\\Program Files\\nodejs\\npm\" run dev\0"` in cwd `Some("D:\\CODING\\PROJECTS\\n8n-clone\0")` failed: %1 is not a valid Win32 application. (os error 193)
ERROR [portable_pty::win::psuedocon] CreateProcessW `"\"C:\\Program Files\\nodejs\\npm\" run dev\0"` in cwd `Some("D:\\CODING\\PROJECTS\\n8n-clone\0")` failed: %1 is not a valid Win32 application. (os error 193)
ERROR [portable_pty::win::psuedocon] CreateProcessW `"\"C:\\Program Files\\nodejs\\npm\" run dev\0"` in cwd `Some("D:\\CODING\\PROJECTS\\n8n-clone\0")` failed: %1 is not a valid Win32 application. (os error 193)
ERROR [portable_pty::win::psuedocon] CreateProcessW `"\"C:\\Program Files\\nodejs\\npm\" run dev\0"` in cwd `Some("D:\\CODING\\PROJECTS\\n8n-clone\0")` failed: %1 is not a valid Win32 application. (os error 193)
ERROR [lib::error] Error: channel closed
ERROR [portable_pty::win::psuedocon] CreateProcessW `"\"C:\\Program Files\\nodejs\\npm\" run dev\0"` in cwd `Some("D:\\CODING\\PROJECTS\\n8n-clone\0")` failed: %1 is not a valid Win32 application. (os error 193)
ERROR [lib::error] Error: channel closed
ERROR [portable_pty::win::psuedocon] CreateProcessW `"pwsh.exe -Command \"npm run dev\"\0"` in cwd `Some("D:\\CODING\\PROJECTS\\n8n-clone\0")` failed: The system cannot find the file specified. (os error 2)
ERROR [portable_pty::win::psuedocon] CreateProcessW `"pwsh.exe -Command \"npm run inngest:dev\"\0"` in cwd `Some("D:\\CODING\\PROJECTS\\n8n-clone\0")` failed: The system cannot find the file specified. (os error 2)
ERROR [lib::error] Error: channel closed
ERROR [portable_pty::win::psuedocon] CreateProcessW `"pwsh.exe -Command \"npx inngest-cli dev\"\0"` in cwd `Some("D:\\CODING\\PROJECTS\\n8n-clone\0")` failed: The system cannot find the file specified. (os error 2)
ERROR [portable_pty::win::psuedocon] CreateProcessW `"pwsh.exe -Command \"npx next dev\"\0"` in cwd `Some("D:\\CODING\\PROJECTS\\n8n-clone\0")` failed: The system cannot find the file specified. (os error 2)
ERROR [lib::error] Error: channel closed
ERROR [lib::error] Error: channel closed
ERROR [lib::error] Error: channel closed
ERROR [lib::error] Error: channel closed
ERROR [lib::error] Error: channel closed
ERROR [lib::error] Error: channel closed
ERROR [lib::error] Error: channel closed
ERROR [lib::error] Error: channel closed
ERROR [lib::error] Error: channel closed
ERROR [lib::error] Error: channel closed
ERROR [lib::error] Error: channel closed
ERROR [lib::error] Error: channel closed
ERROR [lib::error] Error: channel closed
ERROR [lib::error] Error: channel closed
ERROR [lib::error] Error: channel closed
ERROR [lib::error] Error: channel closed
ERROR [lib::error] Error: channel closed
ERROR [lib::error] Error: channel closed
ERROR [lib::error] Error: channel closed
ERROR [lib::error] Error: channel closed
ERROR [lib::error] Error: channel closed
ERROR [lib::error] Error: channel closed
ERROR [lib::error] Error: channel closed
ERROR [lib::error] Error: channel closed
ERROR [lib::error] Error: channel closed
ERROR [lib::error] Error: channel closed
ERROR [lib::error] Error: channel closed
ERROR [lib::error] Error: channel closed
ERROR [lib::error] Error: channel closed
ERROR [lib::error] Error: channel closed
ERROR [lib::error] Error: channel closed
ERROR [lib::error] Error: channel closed
ERROR [lib::error] Error: channel closed
ERROR [lib::error] Error: channel closed
ERROR [lib::error] Error: channel closed
ERROR [lib::error] Error: channel closed
ERROR [lib::error] Error: channel closed
ERROR [lib::error] Error: channel closed
ERROR [lib::error] Error: channel closed
ERROR [lib::error] Error: channel closed
ERROR [lib::error] Error: channel closed
ERROR [lib::error] Error: channel closed
ERROR [lib::error] Error: channel closed
ERROR [lib::error] Error: channel closed
ERROR [lib::error] Error: channel closed
ERROR [lib::error] Error: channel closed
ERROR [lib::error] Error: channel closed
ERROR [lib::error] Error: channel closed
ERROR [lib::error] Error: channel closed
ERROR [lib::error] Error: channel closed
ERROR [lib::error] Error: channel closed
ERROR [lib::error] Error: channel closed
ERROR [lib::error] Error: channel closed
ERROR [lib::error] Error: channel closed
ERROR [lib::mprocs] Got panic. @info:panicked at src\vt100\screen.rs:457:10:
called `Option::unwrap()` on a `None` value
@stackTrace:disabled backtrace
ERROR [lib::error] Error: channel closed
ERROR [lib::error] Error: channel closed
ERROR [lib::error] Error: channel closed
ERROR [lib::error] Error: channel closed
ERROR [lib::error] Error: channel closed
ERROR [lib::error] Error: channel closed
ERROR [lib::error] Error: channel closed
ERROR [lib::error] Error: channel closed
ERROR [lib::error] Error: channel closed
ERROR [lib::error] Error: channel closed
ERROR [lib::error] Error: channel closed
ERROR [lib::error] Error: channel closed
ERROR [lib::error] Error: channel closed
ERROR [lib::error] Error: channel closed
ERROR [lib::error] Error: channel closed
ERROR [lib::error] Error: channel closed
ERROR [lib::error] Error: channel closed
ERROR [lib::error] Error: channel closed
ERROR [lib::error] Error: channel closed
ERROR [lib::error] Error: channel closed
ERROR [lib::error] Error: channel closed
ERROR [lib::error] Error: channel closed
ERROR [lib::error] Error: channel closed
ERROR [lib::error] Error: channel closed
ERROR [lib::error] Error: channel closed
ERROR [termwiz::escape::parser] impossible C0/C1 control code '\u{80}' 0x80 was dropped
ERROR [lib::error] Error: channel closed
ERROR [termwiz::escape::parser] impossible C0/C1 control code '\u{81}' 0x81 was dropped
ERROR [termwiz::escape::parser] impossible C0/C1 control code '\u{81}' 0x81 was dropped
ERROR [termwiz::escape::parser] impossible C0/C1 control code '\u{81}' 0x81 was dropped
ERROR [termwiz::escape::parser] impossible C0/C1 control code '\u{81}' 0x81 was dropped
ERROR [termwiz::escape::parser] impossible C0/C1 control code '\u{81}' 0x81 was dropped
ERROR [termwiz::escape::parser] impossible C0/C1 control code '\u{81}' 0x81 was dropped
ERROR [termwiz::escape::parser] impossible C0/C1 control code '\u{81}' 0x81 was dropped
ERROR [termwiz::escape::parser] impossible C0/C1 control code '\u{81}' 0x81 was dropped
ERROR [termwiz::escape::parser] impossible C0/C1 control code '\u{81}' 0x81 was dropped
ERROR [termwiz::escape::parser] impossible C0/C1 control code '\u{81}' 0x81 was dropped
ERROR [termwiz::escape::parser] impossible C0/C1 control code '\u{81}' 0x81 was dropped
ERROR [termwiz::escape::parser] impossible C0/C1 control code '\u{81}' 0x81 was dropped
ERROR [termwiz::escape::parser] impossible C0/C1 control code '\u{81}' 0x81 was dropped
ERROR [termwiz::escape::parser] impossible C0/C1 control code '\u{81}' 0x81 was dropped
ERROR [termwiz::escape::parser] impossible C0/C1 control code '\u{81}' 0x81 was dropped
ERROR [termwiz::escape::parser] impossible C0/C1 control code '\u{81}' 0x81 was dropped
ERROR [termwiz::escape::parser] impossible C0/C1 control code '\u{81}' 0x81 was dropped
ERROR [termwiz::escape::parser] impossible C0/C1 control code '\u{81}' 0x81 was dropped
ERROR [termwiz::escape::parser] impossible C0/C1 control code '\u{81}' 0x81 was dropped
ERROR [termwiz::escape::parser] impossible C0/C1 control code '\u{81}' 0x81 was dropped
ERROR [termwiz::escape::parser] impossible C0/C1 control code '\u{81}' 0x81 was dropped
ERROR [termwiz::escape::parser] impossible C0/C1 control code '\u{81}' 0x81 was dropped
ERROR [termwiz::escape::parser] impossible C0/C1 control code '\u{81}' 0x81 was dropped
ERROR [termwiz::escape::parser] impossible C0/C1 control code '\u{81}' 0x81 was dropped
ERROR [termwiz::escape::parser] impossible C0/C1 control code '\u{81}' 0x81 was dropped
ERROR [termwiz::escape::parser] impossible C0/C1 control code '\u{81}' 0x81 was dropped
ERROR [termwiz::escape::parser] impossible C0/C1 control code '\u{81}' 0x81 was dropped
ERROR [termwiz::escape::parser] impossible C0/C1 control code '\u{81}' 0x81 was dropped
ERROR [termwiz::escape::parser] impossible C0/C1 control code '\u{81}' 0x81 was dropped
ERROR [termwiz::escape::parser] impossible C0/C1 control code '\u{81}' 0x81 was dropped
ERROR [termwiz::escape::parser] impossible C0/C1 control code '\u{81}' 0x81 was dropped
ERROR [termwiz::escape::parser] impossible C0/C1 control code '\u{81}' 0x81 was dropped
ERROR [termwiz::escape::parser] impossible C0/C1 control code '\u{81}' 0x81 was dropped
ERROR [termwiz::escape::parser] impossible C0/C1 control code '\u{81}' 0x81 was dropped
ERROR [termwiz::escape::parser] impossible C0/C1 control code '\u{81}' 0x81 was dropped
ERROR [termwiz::escape::parser] impossible C0/C1 control code '\u{81}' 0x81 was dropped
ERROR [termwiz::escape::parser] impossible C0/C1 control code '\u{81}' 0x81 was dropped
ERROR [termwiz::escape::parser] impossible C0/C1 control code '\u{81}' 0x81 was dropped
ERROR [termwiz::escape::parser] impossible C0/C1 control code '\u{81}' 0x81 was dropped
ERROR [termwiz::escape::parser] impossible C0/C1 control code '\u{81}' 0x81 was dropped
ERROR [termwiz::escape::parser] impossible C0/C1 control code '\u{81}' 0x81 was dropped
ERROR [termwiz::escape::parser] impossible C0/C1 control code '\u{81}' 0x81 was dropped
ERROR [termwiz::escape::parser] impossible C0/C1 control code '\u{81}' 0x81 was dropped
ERROR [termwiz::escape::parser] impossible C0/C1 control code '\u{81}' 0x81 was dropped
ERROR [termwiz::escape::parser] impossible C0/C1 control code '\u{81}' 0x81 was dropped
ERROR [termwiz::escape::parser] impossible C0/C1 control code '\u{81}' 0x81 was dropped
ERROR [termwiz::escape::parser] impossible C0/C1 control code '\u{81}' 0x81 was dropped
ERROR [termwiz::escape::parser] impossible C0/C1 control code '\u{81}' 0x81 was dropped
ERROR [termwiz::escape::parser] impossible C0/C1 control code '\u{81}' 0x81 was dropped
ERROR [termwiz::escape::parser] impossible C0/C1 control code '\u{81}' 0x81 was dropped
ERROR [termwiz::escape::parser] impossible C0/C1 control code '\u{81}' 0x81 was dropped
ERROR [termwiz::escape::parser] impossible C0/C1 control code '\u{81}' 0x81 was dropped
ERROR [termwiz::escape::parser] impossible C0/C1 control code '\u{81}' 0x81 was dropped
ERROR [termwiz::escape::parser] impossible C0/C1 control code '\u{81}' 0x81 was dropped
ERROR [termwiz::escape::parser] impossible C0/C1 control code '\u{81}' 0x81 was dropped
ERROR [termwiz::escape::parser] impossible C0/C1 control code '\u{81}' 0x81 was dropped
ERROR [termwiz::escape::parser] impossible C0/C1 control code '\u{81}' 0x81 was dropped
ERROR [termwiz::escape::parser] impossible C0/C1 control code '\u{81}' 0x81 was dropped
ERROR [termwiz::escape::parser] impossible C0/C1 control code '\u{81}' 0x81 was dropped
ERROR [termwiz::escape::parser] impossible C0/C1 control code '\u{81}' 0x81 was dropped
ERROR [termwiz::escape::parser] impossible C0/C1 control code '\u{81}' 0x81 was dropped
ERROR [termwiz::escape::parser] impossible C0/C1 control code '\u{81}' 0x81 was dropped
ERROR [termwiz::escape::parser] impossible C0/C1 control code '\u{81}' 0x81 was dropped
ERROR [termwiz::escape::parser] impossible C0/C1 control code '\u{81}' 0x81 was dropped
ERROR [termwiz::escape::parser] impossible C0/C1 control code '\u{81}' 0x81 was dropped
ERROR [termwiz::escape::parser] impossible C0/C1 control code '\u{81}' 0x81 was dropped
ERROR [termwiz::escape::parser] impossible C0/C1 control code '\u{81}' 0x81 was dropped
ERROR [termwiz::escape::parser] impossible C0/C1 control code '\u{81}' 0x81 was dropped
ERROR [termwiz::escape::parser] impossible C0/C1 control code '\u{81}' 0x81 was dropped
ERROR [termwiz::escape::parser] impossible C0/C1 control code '\u{81}' 0x81 was dropped
ERROR [termwiz::escape::parser] impossible C0/C1 control code '\u{81}' 0x81 was dropped
ERROR [termwiz::escape::parser] impossible C0/C1 control code '\u{81}' 0x81 was dropped
ERROR [termwiz::escape::parser] impossible C0/C1 control code '\u{81}' 0x81 was dropped
ERROR [termwiz::escape::parser] impossible C0/C1 control code '\u{81}' 0x81 was dropped
ERROR [termwiz::escape::parser] impossible C0/C1 control code '\u{81}' 0x81 was dropped
ERROR [termwiz::escape::parser] impossible C0/C1 control code '\u{81}' 0x81 was dropped
ERROR [termwiz::escape::parser] impossible C0/C1 control code '\u{81}' 0x81 was dropped
ERROR [termwiz::escape::parser] impossible C0/C1 control code '\u{81}' 0x81 was dropped
ERROR [termwiz::escape::parser] impossible C0/C1 control code '\u{81}' 0x81 was dropped
ERROR [termwiz::escape::parser] impossible C0/C1 control code '\u{81}' 0x81 was dropped
ERROR [termwiz::escape::parser] impossible C0/C1 control code '\u{81}' 0x81 was dropped
ERROR [termwiz::escape::parser] impossible C0/C1 control code '\u{81}' 0x81 was dropped
ERROR [termwiz::escape::parser] impossible C0/C1 control code '\u{81}' 0x81 was dropped
ERROR [termwiz::escape::parser] impossible C0/C1 control code '\u{81}' 0x81 was dropped
ERROR [termwiz::escape::parser] impossible C0/C1 control code '\u{81}' 0x81 was dropped
ERROR [termwiz::escape::parser] impossible C0/C1 control code '\u{81}' 0x81 was dropped
ERROR [termwiz::escape::parser] impossible C0/C1 control code '\u{81}' 0x81 was dropped
ERROR [termwiz::escape::parser] impossible C0/C1 control code '\u{81}' 0x81 was dropped
ERROR [termwiz::escape::parser] impossible C0/C1 control code '\u{81}' 0x81 was dropped
ERROR [termwiz::escape::parser] impossible C0/C1 control code '\u{81}' 0x81 was dropped
ERROR [termwiz::escape::parser] impossible C0/C1 control code '\u{81}' 0x81 was dropped
ERROR [termwiz::escape::parser] impossible C0/C1 control code '\u{81}' 0x81 was dropped
ERROR [termwiz::escape::parser] impossible C0/C1 control code '\u{81}' 0x81 was dropped
ERROR [termwiz::escape::parser] impossible C0/C1 control code '\u{81}' 0x81 was dropped
ERROR [termwiz::escape::parser] impossible C0/C1 control code '\u{81}' 0x81 was dropped
ERROR [termwiz::escape::parser] impossible C0/C1 control code '\u{81}' 0x81 was dropped
ERROR [termwiz::escape::parser] impossible C0/C1 control code '\u{81}' 0x81 was dropped
ERROR [termwiz::escape::parser] impossible C0/C1 control code '\u{81}' 0x81 was dropped
ERROR [termwiz::escape::parser] impossible C0/C1 control code '\u{81}' 0x81 was dropped
ERROR [termwiz::escape::parser] impossible C0/C1 control code '\u{81}' 0x81 was dropped
ERROR [termwiz::escape::parser] impossible C0/C1 control code '\u{81}' 0x81 was dropped
ERROR [termwiz::escape::parser] impossible C0/C1 control code '\u{81}' 0x81 was dropped
ERROR [termwiz::escape::parser] impossible C0/C1 control code '\u{81}' 0x81 was dropped
ERROR [termwiz::escape::parser] impossible C0/C1 control code '\u{81}' 0x81 was dropped
ERROR [termwiz::escape::parser] impossible C0/C1 control code '\u{81}' 0x81 was dropped
ERROR [termwiz::escape::parser] impossible C0/C1 control code '\u{81}' 0x81 was dropped
ERROR [termwiz::escape::parser] impossible C0/C1 control code '\u{81}' 0x81 was dropped
ERROR [termwiz::escape::parser] impossible C0/C1 control code '\u{81}' 0x81 was dropped
ERROR [termwiz::escape::parser] impossible C0/C1 control code '\u{81}' 0x81 was dropped
ERROR [termwiz::escape::parser] impossible C0/C1 control code '\u{81}' 0x81 was dropped
ERROR [termwiz::escape::parser] impossible C0/C1 control code '\u{81}' 0x81 was dropped
ERROR [termwiz::escape::parser] impossible C0/C1 control code '\u{81}' 0x81 was dropped
ERROR [termwiz::escape::parser] impossible C0/C1 control code '\u{81}' 0x81 was dropped
ERROR [termwiz::escape::parser] impossible C0/C1 control code '\u{81}' 0x81 was dropped
ERROR [termwiz::escape::parser] impossible C0/C1 control code '\u{81}' 0x81 was dropped
ERROR [termwiz::escape::parser] impossible C0/C1 control code '\u{81}' 0x81 was dropped
ERROR [termwiz::escape::parser] impossible C0/C1 control code '\u{81}' 0x81 was dropped
ERROR [termwiz::escape::parser] impossible C0/C1 control code '\u{81}' 0x81 was dropped
ERROR [termwiz::escape::parser] impossible C0/C1 control code '\u{81}' 0x81 was dropped
ERROR [termwiz::escape::parser] impossible C0/C1 control code '\u{81}' 0x81 was dropped
ERROR [termwiz::escape::parser] impossible C0/C1 control code '\u{81}' 0x81 was dropped
ERROR [termwiz::escape::parser] impossible C0/C1 control code '\u{81}' 0x81 was dropped
ERROR [termwiz::escape::parser] impossible C0/C1 control code '\u{81}' 0x81 was dropped
ERROR [termwiz::escape::parser] impossible C0/C1 control code '\u{81}' 0x81 was dropped
ERROR [termwiz::escape::parser] impossible C0/C1 control code '\u{81}' 0x81 was dropped
ERROR [lib::error] Error: channel closed
ERROR [lib::error] Error: channel closed
ERROR [lib::error] Error: channel closed
ERROR [lib::error] Error: channel closed
ERROR [lib::error] Error: channel closed
ERROR [lib::error] Error: channel closed
ERROR [lib::error] Error: channel closed
ERROR [lib::error] Error: channel closed
